<?xml version="1.0" encoding="UTF-8"?>
<!-- Generated by org.testng.reporters.JUnitXMLReporter -->
<testsuite ignored="0" hostname="DESKTOP-ST21639" failures="0" tests="4" name="Test" time="110.54" errors="0" timestamp="2023-01-30T11:59:37 EST">
  <testcase classname="Login.TC_Login_004" name="login1" time="26.213"/>
  <testcase classname="Login.TC_Login_003" name="login1" time="26.253"/>
  <testcase classname="Login.TC_login_001" name="login1" time="26.272"/>
  <testcase classname="Login.TC_Login_002" name="login1" time="26.252"/>
</testsuite> <!-- Test -->
