<?xml version="1.0" encoding="UTF-8"?>
<!-- Generated by org.testng.reporters.JUnitXMLReporter -->
<testsuite ignored="0" hostname="DESKTOP-ST21639" failures="0" tests="4" name="Test" time="89.452" errors="0" timestamp="2023-01-30T12:14:31 EST">
  <testcase classname="Login.TC_Login_004" name="login1" time="19.186"/>
  <testcase classname="Login.TC_Login_003" name="login1" time="19.28"/>
  <testcase classname="Login.TC_login_001" name="login1" time="26.244"/>
  <testcase classname="Login.TC_Login_002" name="login1" time="19.279"/>
</testsuite> <!-- Test -->
