<?xml version="1.0" encoding="UTF-8"?>
<testng-results ignored="0" total="4" passed="4" failed="0" skipped="0">
  <reporter-output>
  </reporter-output>
  <suite started-at="2023-01-30T12:13:02 EST" name="Suite" finished-at="2023-01-30T12:14:31 EST" duration-ms="89452">
    <groups>
    </groups>
    <test started-at="2023-01-30T12:13:02 EST" name="Test" finished-at="2023-01-30T12:14:31 EST" duration-ms="89452">
      <class name="Login.TC_Login_004">
        <test-method is-config="true" signature="logintoapplication()[pri:0, instance:Login.TC_Login_004@fdefd3f]" started-at="2023-01-30T12:13:05 EST" name="logintoapplication" finished-at="2023-01-30T12:13:06 EST" duration-ms="1243" status="PASS">
          <reporter-output>
          </reporter-output>
        </test-method> <!-- logintoapplication -->
        <test-method signature="login1()[pri:0, instance:Login.TC_Login_004@fdefd3f]" started-at="2023-01-30T12:13:07 EST" name="login1" finished-at="2023-01-30T12:13:26 EST" duration-ms="19186" status="PASS">
          <reporter-output>
          </reporter-output>
        </test-method> <!-- login1 -->
        <test-method is-config="true" signature="logoutfromapplication()[pri:0, instance:Login.TC_Login_004@fdefd3f]" started-at="2023-01-30T12:14:31 EST" name="logoutfromapplication" finished-at="2023-01-30T12:14:31 EST" duration-ms="16" status="PASS">
          <reporter-output>
          </reporter-output>
        </test-method> <!-- logoutfromapplication -->
      </class> <!-- Login.TC_Login_004 -->
      <class name="Login.TC_Login_003">
        <test-method is-config="true" signature="logintoapplication()[pri:0, instance:Login.TC_Login_003@d83da2e]" started-at="2023-01-30T12:13:04 EST" name="logintoapplication" finished-at="2023-01-30T12:13:05 EST" duration-ms="1230" status="PASS">
          <reporter-output>
          </reporter-output>
        </test-method> <!-- logintoapplication -->
        <test-method signature="login1()[pri:0, instance:Login.TC_Login_003@d83da2e]" started-at="2023-01-30T12:13:26 EST" name="login1" finished-at="2023-01-30T12:13:46 EST" duration-ms="19280" status="PASS">
          <reporter-output>
          </reporter-output>
        </test-method> <!-- login1 -->
        <test-method is-config="true" signature="logoutfromapplication()[pri:0, instance:Login.TC_Login_003@d83da2e]" started-at="2023-01-30T12:14:31 EST" name="logoutfromapplication" finished-at="2023-01-30T12:14:31 EST" duration-ms="14" status="PASS">
          <reporter-output>
          </reporter-output>
        </test-method> <!-- logoutfromapplication -->
      </class> <!-- Login.TC_Login_003 -->
      <class name="Login.TC_login_001">
        <test-method is-config="true" signature="logintoapplication()[pri:0, instance:Login.TC_login_001@a4102b8]" started-at="2023-01-30T12:13:06 EST" name="logintoapplication" finished-at="2023-01-30T12:13:07 EST" duration-ms="1213" status="PASS">
          <reporter-output>
          </reporter-output>
        </test-method> <!-- logintoapplication -->
        <test-method signature="login1()[pri:0, instance:Login.TC_login_001@a4102b8]" started-at="2023-01-30T12:13:46 EST" name="login1" finished-at="2023-01-30T12:14:12 EST" duration-ms="26244" status="PASS">
          <reporter-output>
          </reporter-output>
        </test-method> <!-- login1 -->
        <test-method is-config="true" signature="logoutfromapplication()[pri:0, instance:Login.TC_login_001@a4102b8]" started-at="2023-01-30T12:14:31 EST" name="logoutfromapplication" finished-at="2023-01-30T12:14:31 EST" duration-ms="16" status="PASS">
          <reporter-output>
          </reporter-output>
        </test-method> <!-- logoutfromapplication -->
      </class> <!-- Login.TC_login_001 -->
      <class name="Login.TC_Login_002">
        <test-method is-config="true" signature="logintoapplication()[pri:0, instance:Login.TC_Login_002@11dc3715]" started-at="2023-01-30T12:13:02 EST" name="logintoapplication" finished-at="2023-01-30T12:13:04 EST" duration-ms="1666" status="PASS">
          <reporter-output>
          </reporter-output>
        </test-method> <!-- logintoapplication -->
        <test-method signature="login1()[pri:0, instance:Login.TC_Login_002@11dc3715]" started-at="2023-01-30T12:14:12 EST" name="login1" finished-at="2023-01-30T12:14:31 EST" duration-ms="19279" status="PASS">
          <reporter-output>
          </reporter-output>
        </test-method> <!-- login1 -->
        <test-method is-config="true" signature="logoutfromapplication()[pri:0, instance:Login.TC_Login_002@11dc3715]" started-at="2023-01-30T12:14:31 EST" name="logoutfromapplication" finished-at="2023-01-30T12:14:31 EST" duration-ms="47" status="PASS">
          <reporter-output>
          </reporter-output>
        </test-method> <!-- logoutfromapplication -->
      </class> <!-- Login.TC_Login_002 -->
    </test> <!-- Test -->
  </suite> <!-- Suite -->
</testng-results>
