<?xml version="1.0" encoding="UTF-8"?>
<testng-results ignored="0" total="4" passed="4" failed="0" skipped="0">
  <reporter-output>
  </reporter-output>
  <suite started-at="2023-01-30T11:57:46 EST" name="Suite" finished-at="2023-01-30T11:59:37 EST" duration-ms="110540">
    <groups>
    </groups>
    <test started-at="2023-01-30T11:57:46 EST" name="Test" finished-at="2023-01-30T11:59:37 EST" duration-ms="110540">
      <class name="Login.TC_Login_004">
        <test-method is-config="true" signature="logintoapplication()[pri:0, instance:Login.TC_Login_004@79b06cab]" started-at="2023-01-30T11:57:49 EST" name="logintoapplication" finished-at="2023-01-30T11:57:50 EST" duration-ms="1229" status="PASS">
          <reporter-output>
          </reporter-output>
        </test-method> <!-- logintoapplication -->
        <test-method signature="login1()[pri:0, instance:Login.TC_Login_004@79b06cab]" started-at="2023-01-30T11:57:52 EST" name="login1" finished-at="2023-01-30T11:58:18 EST" duration-ms="26213" status="PASS">
          <reporter-output>
          </reporter-output>
        </test-method> <!-- login1 -->
        <test-method is-config="true" signature="logoutfromapplication()[pri:0, instance:Login.TC_Login_004@79b06cab]" started-at="2023-01-30T11:59:37 EST" name="logoutfromapplication" finished-at="2023-01-30T11:59:37 EST" duration-ms="16" status="PASS">
          <reporter-output>
          </reporter-output>
        </test-method> <!-- logoutfromapplication -->
      </class> <!-- Login.TC_Login_004 -->
      <class name="Login.TC_login_001">
        <test-method is-config="true" signature="logintoapplication()[pri:0, instance:Login.TC_login_001@7f552bd3]" started-at="2023-01-30T11:57:50 EST" name="logintoapplication" finished-at="2023-01-30T11:57:52 EST" duration-ms="1285" status="PASS">
          <reporter-output>
          </reporter-output>
        </test-method> <!-- logintoapplication -->
        <test-method signature="login1()[pri:0, instance:Login.TC_login_001@7f552bd3]" started-at="2023-01-30T11:58:44 EST" name="login1" finished-at="2023-01-30T11:59:10 EST" duration-ms="26272" status="PASS">
          <reporter-output>
          </reporter-output>
        </test-method> <!-- login1 -->
        <test-method is-config="true" signature="logoutfromapplication()[pri:0, instance:Login.TC_login_001@7f552bd3]" started-at="2023-01-30T11:59:37 EST" name="logoutfromapplication" finished-at="2023-01-30T11:59:37 EST" duration-ms="15" status="PASS">
          <reporter-output>
          </reporter-output>
        </test-method> <!-- logoutfromapplication -->
      </class> <!-- Login.TC_login_001 -->
      <class name="Login.TC_Login_003">
        <test-method is-config="true" signature="logintoapplication()[pri:0, instance:Login.TC_Login_003@3eb7fc54]" started-at="2023-01-30T11:57:48 EST" name="logintoapplication" finished-at="2023-01-30T11:57:49 EST" duration-ms="1217" status="PASS">
          <reporter-output>
          </reporter-output>
        </test-method> <!-- logintoapplication -->
        <test-method signature="login1()[pri:0, instance:Login.TC_Login_003@3eb7fc54]" started-at="2023-01-30T11:58:18 EST" name="login1" finished-at="2023-01-30T11:58:44 EST" duration-ms="26253" status="PASS">
          <reporter-output>
          </reporter-output>
        </test-method> <!-- login1 -->
        <test-method is-config="true" signature="logoutfromapplication()[pri:0, instance:Login.TC_Login_003@3eb7fc54]" started-at="2023-01-30T11:59:37 EST" name="logoutfromapplication" finished-at="2023-01-30T11:59:37 EST" duration-ms="18" status="PASS">
          <reporter-output>
          </reporter-output>
        </test-method> <!-- logoutfromapplication -->
      </class> <!-- Login.TC_Login_003 -->
      <class name="Login.TC_Login_002">
        <test-method is-config="true" signature="logintoapplication()[pri:0, instance:Login.TC_Login_002@3c22fc4c]" started-at="2023-01-30T11:57:46 EST" name="logintoapplication" finished-at="2023-01-30T11:57:48 EST" duration-ms="1705" status="PASS">
          <reporter-output>
          </reporter-output>
        </test-method> <!-- logintoapplication -->
        <test-method signature="login1()[pri:0, instance:Login.TC_Login_002@3c22fc4c]" started-at="2023-01-30T11:59:10 EST" name="login1" finished-at="2023-01-30T11:59:37 EST" duration-ms="26252" status="PASS">
          <reporter-output>
          </reporter-output>
        </test-method> <!-- login1 -->
        <test-method is-config="true" signature="logoutfromapplication()[pri:0, instance:Login.TC_Login_002@3c22fc4c]" started-at="2023-01-30T11:59:37 EST" name="logoutfromapplication" finished-at="2023-01-30T11:59:37 EST" duration-ms="45" status="PASS">
          <reporter-output>
          </reporter-output>
        </test-method> <!-- logoutfromapplication -->
      </class> <!-- Login.TC_Login_002 -->
    </test> <!-- Test -->
  </suite> <!-- Suite -->
</testng-results>
